\BOOKMARK [0][-]{chapter.1}{Beschreibung der Software}{}% 1
\BOOKMARK [1][-]{section.1.1}{Grundstruktur}{chapter.1}% 2
\BOOKMARK [2][-]{subsection.1.1.1}{Router}{section.1.1}% 3
\BOOKMARK [2][-]{subsection.1.1.2}{Main Controller}{section.1.1}% 4
\BOOKMARK [2][-]{subsection.1.1.3}{View}{section.1.1}% 5
\BOOKMARK [2][-]{subsection.1.1.4}{Model}{section.1.1}% 6
\BOOKMARK [2][-]{subsection.1.1.5}{Index-Datei}{section.1.1}% 7
\BOOKMARK [1][-]{section.1.2}{Core Klassen}{chapter.1}% 8
\BOOKMARK [2][-]{subsection.1.2.1}{Notify Klasse}{section.1.2}% 9
\BOOKMARK [2][-]{subsection.1.2.2}{Config Klasse}{section.1.2}% 10
\BOOKMARK [2][-]{subsection.1.2.3}{RestApi Klasse}{section.1.2}% 11
\BOOKMARK [1][-]{section.1.3}{Models}{chapter.1}% 12
\BOOKMARK [2][-]{subsection.1.3.1}{User}{section.1.3}% 13
\BOOKMARK [2][-]{subsection.1.3.2}{Kategorie}{section.1.3}% 14
\BOOKMARK [2][-]{subsection.1.3.3}{Video}{section.1.3}% 15
\BOOKMARK [2][-]{subsection.1.3.4}{Playlist}{section.1.3}% 16
\BOOKMARK [1][-]{section.1.4}{Umgesetzte Funktionalit\344ten}{chapter.1}% 17
\BOOKMARK [1][-]{section.1.5}{Verwendete Drittsoftware}{chapter.1}% 18
\BOOKMARK [0][-]{chapter.2}{Installationsanleitung}{}% 19
\BOOKMARK [1][-]{subsection.2.0.1}{Systemanforderungen}{chapter.2}% 20
\BOOKMARK [2][-]{subsection.2.0.2}{Konfiguration}{subsection.2.0.1}% 21
\BOOKMARK [2][-]{subsection.2.0.3}{Installation}{subsection.2.0.1}% 22
\BOOKMARK [3][-]{subsubsection*.2}{Apache}{subsection.2.0.3}% 23
\BOOKMARK [3][-]{subsubsection*.3}{Nginx}{subsection.2.0.3}% 24
\BOOKMARK [2][-]{subsection.2.0.4}{Inbetriebnahme}{subsection.2.0.1}% 25
\BOOKMARK [0][-]{chapter.3}{Bedienungsanleitung}{}% 26
\BOOKMARK [1][-]{section.3.1}{Kurzbeschreibung der Software}{chapter.3}% 27
\BOOKMARK [1][-]{section.3.2}{Hinweise zum ersten Start}{chapter.3}% 28
\BOOKMARK [1][-]{section.3.3}{Verf\374gbare Funktionen in Abh\344ngigkeit der Benutzerrechte}{chapter.3}% 29
\BOOKMARK [2][-]{subsection.3.3.1}{Grundstruktur}{section.3.3}% 30
\BOOKMARK [3][-]{subsubsection*.4}{Header}{subsection.3.3.1}% 31
\BOOKMARK [3][-]{subsubsection*.5}{Content}{subsection.3.3.1}% 32
\BOOKMARK [3][-]{subsubsection*.6}{Footer}{subsection.3.3.1}% 33
\BOOKMARK [3][-]{subsubsection*.7}{Navigation auf der Seite}{subsection.3.3.1}% 34
\BOOKMARK [4][-]{paragraph*.8}{Navigationsmittel}{subsubsection*.7}% 35
\BOOKMARK [2][-]{subsection.3.3.2}{Funktionen}{section.3.3}% 36
\BOOKMARK [3][-]{subsubsection*.9}{Header Funktionen}{subsection.3.3.2}% 37
\BOOKMARK [4][-]{paragraph*.10}{Profil erstellen}{subsubsection*.9}% 38
\BOOKMARK [4][-]{paragraph*.11}{Anmeldung}{subsubsection*.9}% 39
\BOOKMARK [4][-]{paragraph*.12}{Suchfunktion}{subsubsection*.9}% 40
\BOOKMARK [3][-]{subsubsection*.13}{Profil}{subsection.3.3.2}% 41
\BOOKMARK [3][-]{subsubsection*.14}{Videos verwalten}{subsection.3.3.2}% 42
\BOOKMARK [4][-]{paragraph*.15}{Videos ansehen}{subsubsection*.14}% 43
\BOOKMARK [4][-]{paragraph*.16}{Video hochladen}{subsubsection*.14}% 44
\BOOKMARK [4][-]{paragraph*.17}{Video bearbeiten}{subsubsection*.14}% 45
\BOOKMARK [3][-]{subsubsection*.18}{Playlists verwalten}{subsection.3.3.2}% 46
\BOOKMARK [4][-]{paragraph*.19}{Playlist \334bersicht}{subsubsection*.18}% 47
\BOOKMARK [4][-]{paragraph*.20}{Videos zu Playlist hinzuf\374gen}{subsubsection*.18}% 48
\BOOKMARK [4][-]{paragraph*.21}{Playlist Detailseite}{subsubsection*.18}% 49
\BOOKMARK [3][-]{subsubsection*.22}{Admin Funktionen}{subsection.3.3.2}% 50
\BOOKMARK [4][-]{paragraph*.23}{Nutzerverwaltung}{subsubsection*.22}% 51
\BOOKMARK [4][-]{paragraph*.24}{Playlistverwaltung}{subsubsection*.22}% 52
\BOOKMARK [4][-]{paragraph*.25}{Kategorienverwaltung}{subsubsection*.22}% 53
\BOOKMARK [1][-]{section.3.4}{Probleme und L\366sungen}{chapter.3}% 54
\BOOKMARK [1][-]{section.3.5}{Besonderheiten von WolfGang}{chapter.3}% 55
\BOOKMARK [2][-]{subsection.3.5.1}{Die Idee WolfGang}{section.3.5}% 56
\BOOKMARK [2][-]{subsection.3.5.2}{Navigation und Overlay Techniken}{section.3.5}% 57
\BOOKMARK [2][-]{subsection.3.5.3}{Wolf-Design}{section.3.5}% 58
\BOOKMARK [2][-]{subsection.3.5.4}{Tag Cloud Kategorien}{section.3.5}% 59
\BOOKMARK [2][-]{subsection.3.5.5}{RoboHash: automatische Benutzerbilder}{section.3.5}% 60
\BOOKMARK [2][-]{subsection.3.5.6}{Typeahead Suchfunktion}{section.3.5}% 61
